3521
177 16 180 18
188 85 189 89
162 185 165 187
127 223 128 227
171 84 173 87
156 219 157 223
120 119 125 120
76 226 81 227
55 53 60 54
167 28 167 35
79 228 80 232
153 118 154 123
195 195 197 197
32 192 37 193
177 216 179 219
157 53 159 56
96 126 97 130
187 71 188 76
85 139 87 142
189 116 194 117
85 137 88 138
143 120 148 121
189 5 190 8
35 145 36 149
73 137 77 138
3 21 5 24
174 99 177 100
155 66 158 67
97 183 101 184
20 77 21 82
66 193 67 197
136 138 140 139
66 94 69 96
137 40 139 42
62 151 65 153
62 43 65 44
38 14 41 16
108 183 109 186
184 238 186 240
125 135 128 137
151 49 151 56
147 51 150 53
184 12 187 14
145 178 147 181
113 152 116 154
158 70 161 72
19 240 23 241
2 147 5 148
29 228 33 229
23 179 23 187
121 241 125 242
135 25 135 33
54 113 59 114
188 23 191 25
27 148 34 148
196 105 197 110
70 215 75 216
195 47 196 51
56 200 61 201
169 1 174 2
19 232 21 235
103 81 108 82
115 166 118 168
135 240 137 242
185 125 186 130
54 120 55 124
113 231 115 234
189 155 189 164
76 37 84 37
94 17 102 17
62 29 65 31
24 50 26 52
177 153 178 156
170 153 174 154
98 55 99 58
105 211 107 214
135 142 135 152
20 36 23 38
138 109 141 111
32 5 37 6
76 218 79 219
70 244 73 245
162 224 165 226
116 10 116 21
18 174 19 178
144 183 145 188
69 31 69 41
72 44 74 46
66 130 67 134
167 139 168 144
190 39 190 48
99 164 104 165
94 71 96 73
24 36 26 39
72 16 74 19
159 60 160 64
164 121 175 121
45 0 50 1
48 146 49 151
38 182 40 185
119 107 122 109
66 107 67 111
105 189 113 189
107 44 109 46
13 177 14 180
36 93 37 98
25 161 30 162
101 229 102 233
197 243 198 247
143 195 152 195
170 202 175 203
152 178 155 180
24 128 27 130
107 120 108 124
40 225 43 227
78 123 78 131
107 149 109 152
137 50 138 54
123 129 124 133
165 41 166 44
160 172 162 175
181 38 182 41
160 249 169 249
68 118 68 128
0 111 1 116
98 0 102 1
150 222 151 226
190 238 192 240
169 50 171 53
62 14 63 19
175 70 177 73
126 122 131 123
86 57 88 60
80 144 81 148
29 199 30 204
49 160 53 161
127 200 135 200
19 149 22 151
53 30 58 31
197 210 198 213
152 208 153 211
168 184 168 193
140 41 141 44
171 71 172 75
152 91 154 93
92 221 96 222
77 172 81 173
117 66 118 71
190 15 192 18
49 13 50 16
137 169 140 170
94 172 99 173
1 32 5 33
116 175 119 176
96 44 101 45
146 74 147 79
130 35 139 35
183 189 188 190
166 164 169 166
96 122 98 125
152 42 156 43
127 116 130 118
67 58 68 62
132 4 139 4
171 76 172 80
130 244 131 248
168 69 169 73
21 99 25 100
127 244 128 248
154 216 155 219
73 224 74 229
94 82 97 83
108 135 110 138
178 72 181 73
92 156 97 157
122 28 125 29
97 237 98 242
117 93 121 94
55 15 60 16
176 183 179 185
11 11 20 11
174 137 175 142
33 80 43 80
59 194 62 195
81 93 84 94
114 109 116 112
100 209 102 212
157 237 160 239
116 178 116 189
92 225 99 225
187 58 192 59
160 214 161 219
194 100 195 104
84 70 85 75
104 204 107 206
139 15 141 18
162 5 165 7
89 245 90 249
151 136 152 141
120 139 122 142
54 98 56 100
129 95 132 97
69 9 74 10
145 108 146 112
179 236 187 236
66 20 75 20
178 222 179 225
24 17 25 21
64 10 65 15
48 212 52 213
179 3 181 5
78 114 81 115
66 170 67 174
37 123 38 126
54 61 59 62
62 65 64 67
87 178 88 181
167 116 172 117
77 198 80 200
18 162 18 170
84 170 85 173
49 222 51 225
77 184 80 186
87 97 90 98
124 225 126 227
20 135 21 139
2 126 7 127
154 11 156 14
16 61 16 68
181 88 183 90
134 14 135 19
127 108 132 109
136 207 138 210
79 43 89 43
106 192 108 194
48 172 49 175
67 200 72 201
116 196 119 197
159 115 160 119
118 216 118 225
139 88 148 88
62 103 64 105
45 203 49 204
6 116 10 117
151 102 152 106
14 87 15 91
63 229 66 231
188 26 191 27
31 194 34 195
44 98 45 103
2 115 5 117
124 48 126 51
6 133 8 135
75 15 77 18
110 214 111 219
67 152 70 154
93 97 94 102
160 246 164 247
7 79 8 84
81 44 82 49
115 54 116 59
92 75 94 78
153 189 161 189
24 117 27 118
104 21 105 24
163 233 165 235
193 160 198 161
8 173 11 175
171 159 174 161
153 220 154 225
143 211 146 213
20 223 20 230
55 144 56 148
139 151 140 154
32 86 36 87
89 214 93 215
47 205 48 208
2 63 6 64
161 21 163 24
80 46 80 54
38 155 40 157
153 174 156 176
177 239 178 244
99 46 99 53
74 191 74 198
140 240 142 243
175 162 178 164
124 174 126 177
139 120 140 123
171 145 173 148
115 207 116 212
107 234 112 235
51 167 52 170
165 63 166 68
115 82 115 89
142 69 147 70
186 108 194 108
119 80 123 81
37 102 39 105
159 165 163 166
89 103 94 104
51 240 52 245
25 10 28 12
53 50 58 51
193 55 194 60
84 241 85 245
41 103 42 107
173 185 175 187
183 161 184 166
4 207 7 209
187 5 188 9
3 173 4 177
104 191 112 191
191 217 196 218
129 154 132 155
127 141 128 145
183 70 185 73
20 103 24 104
30 107 34 108
19 69 19 76
95 141 100 142
193 179 197 180
52 140 53 143
140 1 141 5
31 213 33 216
194 20 195 24
4 244 5 248
40 111 43 113
168 234 169 239
8 231 10 234
179 28 180 33
44 51 44 61
49 43 52 44
89 162 96 162
194 82 199 83
133 187 135 189
54 106 56 108
131 233 136 234
87 232 98 232
148 240 149 245
58 172 58 182
196 78 199 80
117 150 117 160
29 78 39 78
54 70 56 73
151 145 154 146
147 211 148 215
76 20 78 22
150 240 157 240
92 53 95 54
97 193 101 194
39 96 40 101
104 126 107 128
44 240 48 241
127 173 132 174
46 218 48 220
188 167 193 168
41 44 44 46
4 191 8 192
47 156 52 157
45 230 50 231
133 125 134 129
52 136 55 137
182 192 184 194
7 198 9 201
159 143 161 145
74 184 76 186
33 162 34 167
60 162 61 167
151 95 156 96
156 140 157 145
1 223 5 224
158 20 160 23
114 48 115 52
70 92 72 94
161 197 163 200
111 53 114 54
160 93 162 95
37 200 39 202
54 117 57 118
5 1 5 11
111 31 116 32
111 60 112 63
166 84 167 89
96 132 98 134
16 116 17 120
171 233 175 234
187 112 190 114
196 130 198 133
171 19 172 23
29 131 29 138
104 247 109 248
122 14 125 15
102 235 105 237
133 57 144 57
130 64 131 68
34 204 34 211
146 132 149 133
89 205 94 206
183 30 187 31
51 127 51 135
37 138 40 139
156 37 160 38
103 119 105 121
160 168 163 170
42 11 50 11
163 138 165 140
113 57 113 65
127 168 130 170
51 226 53 228
193 220 198 221
117 103 119 106
174 16 175 20
167 155 169 158
84 84 86 86
120 171 121 175
112 208 113 212
124 59 135 59
124 30 125 34
51 207 55 208
168 111 172 112
102 56 103 61
59 145 62 147
147 25 150 27
45 190 46 194
149 191 152 193
188 127 193 128
84 87 87 88
99 147 100 152
9 32 10 37
0 50 0 58
41 178 43 181
109 154 111 157
79 3 81 6
115 92 124 92
127 85 136 85
51 188 52 193
136 80 146 80
135 117 136 122
165 213 166 218
90 115 90 122
25 22 27 25
41 155 44 156
32 40 33 44
56 138 58 141
168 101 177 101
87 91 96 91
96 146 96 154
53 222 55 225
20 18 23 20
192 34 199 34
49 235 53 236
168 206 172 207
141 163 143 166
190 91 197 91
87 243 88 246
180 125 183 126
188 233 192 234
150 88 151 93
50 119 53 120
150 158 153 160
22 231 25 233
33 184 34 189
187 194 187 204
108 11 109 16
171 231 179 231
147 163 152 164
15 179 20 180
26 64 35 64
60 209 61 212
106 171 110 172
61 45 63 48
190 175 191 178
160 191 162 194
40 239 40 248
58 240 60 243
122 124 127 125
82 183 87 184
154 235 156 238
38 89 43 90
183 211 183 219
64 199 65 202
171 43 172 48
138 113 143 114
117 49 122 50
151 84 154 85
7 58 10 60
106 132 107 136
78 107 82 108
108 88 109 93
113 113 114 118
66 86 67 91
111 45 113 48
49 216 52 218
60 76 61 81
40 191 42 194
117 99 120 101
123 179 124 184
88 217 91 218
65 97 67 100
166 21 167 25
15 115 15 123
68 74 69 79
127 176 130 178
1 238 2 242
128 128 130 131
144 22 145 25
26 138 28 141
180 82 181 87
167 128 171 129
70 161 77 161
147 7 150 9
171 221 173 223
114 67 115 72
173 150 175 152
160 66 161 69
61 56 62 59
107 61 110 62
91 144 92 147
173 171 174 174
112 103 114 106
103 115 105 118
23 206 26 207
154 164 155 167
128 187 128 198
171 11 175 12
142 217 143 222
157 47 158 51
30 137 38 137
123 7 125 10
34 244 35 248
173 190 174 195
179 52 184 53
150 212 159 212
8 48 9 53
37 161 38 165
21 97 25 98
138 211 139 214
17 64 20 66
56 243 57 247
63 108 65 110
129 138 132 139
29 217 31 219
186 37 191 38
45 185 49 186
85 175 90 176
142 82 146 83
34 218 36 220
86 112 87 117
95 211 98 213
103 196 105 199
113 7 117 8
185 225 186 229
75 236 78 238
197 183 198 186
150 178 150 185
83 20 83 30
108 240 109 244
63 163 72 163
169 106 173 107
27 177 30 178
0 94 0 104
41 131 42 136
172 122 174 124
131 157 133 160
192 92 195 94
91 5 102 5
28 27 37 27
17 225 19 227
11 67 13 70
37 230 37 241
108 74 111 75
110 183 113 185
172 165 176 166
152 171 155 173
103 19 103 29
32 170 33 175
179 74 180 79
61 117 66 118
118 19 122 20
145 39 148 41
104 143 107 145
133 192 138 193
69 2 76 2
128 47 130 49
164 200 167 202
133 103 136 104
194 152 199 153
91 9 93 11
75 80 78 82
133 63 136 65
106 176 107 181
80 245 81 249
61 203 64 205
190 136 193 138
22 32 33 32
131 30 133 33
111 201 115 202
73 168 77 169
100 158 103 159
57 175 57 183
39 171 41 174
113 235 116 236
111 135 112 140
112 86 114 89
130 75 132 77
174 82 178 83
157 78 160 80
25 220 25 230
42 162 45 164
132 248 137 249
78 1 81 2
46 25 49 27
83 206 84 211
25 175 26 179
87 207 89 209
79 39 82 41
198 225 198 232
69 134 72 135
70 144 73 145
41 207 43 209
2 186 3 191
194 137 196 140
163 93 165 95
46 5 51 6
122 111 124 113
94 166 99 167
69 136 71 139
25 156 27 159
152 70 155 71
120 216 122 219
182 168 186 169
153 228 154 232
181 28 182 33
147 140 149 142
72 187 75 189
120 61 125 62
137 14 138 19
16 146 17 149
29 205 31 207
19 162 24 163
53 93 57 94
173 49 175 52
128 231 129 235
151 107 153 109
9 76 10 79
139 48 142 50
39 215 39 223
188 214 189 218
11 180 11 191
86 212 89 213
117 233 120 235
43 120 46 121
72 107 77 108
94 214 98 215
92 70 93 73
69 197 72 199
44 79 49 80
122 204 129 204
7 0 10 2
76 151 79 153
102 63 103 68
160 11 163 12
102 131 104 133
63 55 66 57
37 151 39 154
53 198 55 201
61 238 62 243
132 238 133 242
18 96 19 101
29 144 34 145
164 122 167 123
141 139 143 141
88 23 92 24
178 199 183 200
147 226 149 229
76 192 81 193
83 110 85 113
55 154 56 159
191 209 196 210
9 147 14 148
190 77 192 80
157 109 160 111
182 156 184 158
142 196 149 196
27 97 28 102
180 242 183 243
93 226 96 228
151 72 155 73
172 125 177 126
93 125 94 129
191 244 192 247
20 91 21 94
28 68 30 70
132 117 133 121
121 209 126 210
47 210 52 211
156 187 160 188
51 171 53 174
82 197 83 201
98 72 98 81
43 67 44 72
114 75 116 78
168 243 169 247
193 10 194 13
173 35 175 38
129 207 130 211
150 4 155 5
4 153 5 158
61 134 65 135
112 133 121 133
0 179 1 183
192 112 196 113
40 75 41 79
141 84 143 86
100 177 101 182
55 5 65 5
76 60 80 61
16 51 17 54
31 130 34 131
49 66 54 67
74 245 78 246
184 116 186 119
40 220 41 224
6 143 7 147
19 202 21 204
126 53 131 54
68 71 76 71
117 172 119 174
183 120 184 124
187 182 191 183
23 143 26 144
65 124 66 129
58 121 62 122
83 125 84 129
5 233 6 236
146 234 149 236
1 13 4 15
175 55 177 58
143 152 145 154
51 56 52 61
65 138 67 141
21 164 23 166
13 135 15 138
154 24 157 25
54 167 55 170
186 175 187 178
130 179 132 181
87 5 88 10
120 77 124 78
102 30 111 30
8 169 11 171
140 61 143 63
151 149 153 152
29 222 30 225
72 72 73 75
47 179 52 180
83 60 84 64
56 20 59 22
21 95 26 96
150 14 152 17
116 115 119 116
135 160 136 165
139 247 149 247
127 7 136 7
28 171 31 173
192 72 194 75
8 98 11 100
118 43 120 46
174 246 175 249
145 64 146 68
25 101 25 110
103 92 105 94
181 245 184 247
180 139 181 142
13 209 18 210
92 197 95 199
32 0 36 1
162 150 167 151
19 182 20 185
42 41 46 42
159 199 160 204
124 243 125 248
168 57 171 59
91 180 92 185
13 80 18 81
131 78 132 82
39 33 46 33
184 39 186 41
169 215 170 218
160 125 163 127
151 44 155 45
66 167 68 169
69 121 71 123
140 127 141 130
3 35 6 37
14 59 21 59
178 166 179 170
156 87 159 88
186 152 187 156
102 150 105 152
195 13 198 15
165 231 169 232
127 70 130 72
90 155 91 159
145 103 147 106
181 105 184 107
145 221 146 224
167 47 168 52
135 107 138 108
183 145 184 148
148 184 149 187
191 98 192 103
136 90 136 98
57 101 60 103
76 114 77 118
164 222 168 223
106 2 111 3
32 49 33 54
33 154 36 155
147 230 150 231
25 193 28 195
70 0 73 1
1 207 2 210
154 77 155 81
85 148 87 150
179 6 181 8
8 152 8 161
197 119 197 128
99 198 100 203
170 11 170 21
66 202 70 203
31 89 36 90
174 198 177 199
192 45 194 47
133 174 136 176
98 65 101 66
9 137 11 140
63 184 67 185
182 76 183 81
57 130 62 131
194 61 195 65
28 111 29 116
196 85 199 87
43 187 44 192
2 99 3 103
46 243 47 248
192 222 194 225
149 143 149 150
141 169 141 177
108 25 110 27
86 23 87 27
171 27 172 31
121 2 126 3
168 6 169 11
71 58 74 59
49 117 53 118
174 235 177 237
196 240 199 241
22 107 23 110
65 241 67 244
111 144 116 145
157 195 159 197
146 43 147 47
192 235 196 236
88 144 89 149
153 46 154 51
199 199 199 208
173 92 174 96
86 155 88 157
20 129 22 132
123 102 127 103
81 90 85 91
85 0 87 2
72 36 74 38
61 175 64 176
103 201 103 210
120 158 121 163
159 147 164 148
40 150 43 151
178 188 179 191
107 228 112 229
101 14 106 15
67 52 68 55
61 244 64 246
129 50 133 51
29 119 30 122
196 38 198 40
165 59 166 62
31 111 35 112
102 73 102 81
46 53 51 54
69 174 72 175
124 189 127 191
153 207 161 207
94 182 94 190
157 241 162 242
31 243 33 246
12 54 14 56
59 226 60 230
69 14 70 17
115 0 117 2
4 54 9 55
184 113 186 115
119 31 120 35
59 39 67 39
43 114 44 118
67 159 70 160
177 181 185 181
157 160 159 162
194 89 199 90
125 18 126 23
42 219 43 223
63 160 66 161
89 139 91 141
179 118 182 120
142 156 144 158
69 117 73 118
106 36 107 39
119 186 122 187
158 134 160 136
158 151 159 154
77 25 78 30
198 164 199 168
42 199 44 201
67 8 76 8
30 9 35 10
4 71 9 72
178 177 180 179
98 144 101 146
49 97 52 99
169 181 170 184
9 122 12 123
69 147 71 150
18 111 21 113
112 163 112 171
180 127 183 129
75 41 77 44
49 121 52 122
155 130 160 131
48 188 49 191
94 34 97 36
4 58 6 60
74 248 79 249
135 229 137 232
12 216 15 218
43 77 48 78
75 100 78 101
47 232 51 233
10 236 13 238
17 157 20 159
86 169 91 170
81 207 82 212
118 228 119 231
95 25 96 30
97 22 100 24
84 77 89 78
88 200 96 200
110 242 112 244
51 72 52 77
90 0 92 2
38 21 43 22
94 241 95 245
168 178 170 180
26 237 34 237
59 175 60 180
138 141 139 145
154 128 157 129
120 225 120 232
60 190 65 191
148 94 150 97
90 45 93 47
59 110 61 112
85 120 87 123
90 235 95 236
113 238 116 240
8 194 10 197
47 138 49 141
103 138 106 140
33 72 34 75
14 160 15 165
72 63 74 65
101 88 103 90
79 66 81 69
117 188 117 195
82 115 84 118
113 229 116 230
40 3 44 4
171 180 172 185
179 98 181 101
11 240 13 242
72 31 75 33
5 210 9 211
176 88 176 98
100 244 102 246
70 81 70 89
122 155 126 156
97 177 98 181
25 146 26 151
50 201 50 209
115 146 118 148
136 58 138 61
47 198 52 199
192 213 195 215
29 85 30 90
125 91 129 92
184 66 187 68
40 196 40 205
38 166 41 168
21 145 24 147
9 185 10 188
75 11 77 14
12 107 15 108
191 119 196 120
184 3 195 3
138 186 143 187
130 222 132 224
44 13 45 17
41 125 44 127
175 26 179 27
142 133 143 138
109 22 118 22
79 73 80 76
135 41 136 46
97 118 99 121
144 99 146 102
164 113 167 115
171 214 176 215
197 187 198 191
20 44 21 49
189 185 191 188
197 58 198 63
79 233 81 235
53 248 56 249
195 200 198 202
86 49 87 52
32 176 34 178
64 119 66 122
106 187 109 188
28 212 30 215
102 96 106 97
48 84 50 87
9 124 10 129
2 107 4 110
114 135 115 140
164 168 164 177
187 125 190 126
2 218 10 218
17 73 18 77
143 210 151 210
151 27 151 34
21 66 23 68
177 201 186 201
113 224 116 225
140 142 141 146
26 3 27 6
102 217 104 219
76 155 80 156
184 242 187 244
160 46 163 48
106 198 108 201
22 82 25 84
5 88 7 90
120 180 121 185
5 226 16 226
27 153 30 155
85 65 92 65
53 20 54 23
34 52 34 61
105 141 110 142
66 164 68 166
37 175 42 176
103 112 105 114
123 147 126 149
46 132 49 133
125 181 127 184
39 230 42 232
2 80 5 82
23 13 30 13
119 211 122 212
144 11 146 14
158 227 161 228
29 243 30 247
166 119 171 120
69 49 70 54
30 163 32 166
2 41 2 48
177 115 178 119
195 146 197 149
144 128 147 129
169 64 172 66
140 131 145 132
44 73 47 75
100 114 100 121
78 157 79 162
45 129 49 130
12 162 13 167
132 205 135 206
159 75 161 77
106 221 109 223
5 75 7 78
49 193 50 197
71 234 76 235
159 5 160 10
4 189 7 190
103 69 104 74
149 166 153 167
142 109 144 112
23 168 25 170
165 78 167 81
63 207 63 217
177 209 185 209
27 50 28 55
134 211 135 215
155 61 157 64
88 38 90 41
53 37 56 39
44 2 52 2
78 16 82 17
122 222 123 227
1 166 2 171
183 171 187 172
149 69 149 78
72 96 73 100
160 98 164 99
14 50 15 53
35 163 35 170
26 168 31 169
160 152 162 154
51 17 54 19
138 6 148 6
138 217 140 220
110 204 111 207
186 216 187 221
150 59 154 60
133 166 135 169
171 134 172 137
98 102 99 105
1 135 2 140
61 1 66 2
141 229 145 230
0 217 1 220
45 86 47 88
3 118 8 119
105 182 106 186
68 101 71 103
117 144 122 145
185 192 186 195
157 103 159 106
53 98 53 105
39 163 41 165
96 8 101 9
103 106 104 109
98 217 100 219
31 127 35 128
149 111 153 112
95 136 98 138
117 178 118 182
90 27 92 29
32 200 33 205
127 60 130 62
93 31 97 32
40 35 42 37
183 7 186 9
95 195 100 196
132 91 135 93
110 80 112 82
97 106 100 108
65 176 66 181
89 56 90 61
146 54 148 57
16 93 17 96
174 21 179 22
186 50 191 51
1 231 2 236
28 230 30 232
116 85 118 87
122 95 125 97
124 217 126 220
58 32 60 35
26 122 28 124
3 163 4 166
165 191 167 194
54 42 55 45
44 209 46 211
59 224 63 225
124 65 127 67
81 236 82 241
165 9 167 11
14 236 15 241
35 76 39 77
21 187 22 191
130 5 135 6
157 30 160 32
11 6 12 10
10 28 14 29
178 248 181 249
139 160 142 161
149 103 150 106
55 85 56 90
12 125 15 127
105 26 107 29
26 46 28 48
46 135 48 137
63 90 64 94
14 133 19 134
188 67 193 68
53 25 57 26
193 181 196 183
104 83 105 87
6 93 7 97
168 197 169 202
180 229 181 232
121 22 122 26
1 66 3 68
182 175 183 180
108 103 109 108
11 156 14 158
30 19 31 24
57 136 60 137
142 169 143 173
43 30 48 31
35 41 37 43
116 121 118 123
165 55 167 57
34 44 35 48
70 47 75 48
184 212 186 215
82 193 85 195
144 145 145 148
23 30 27 31
8 15 9 19
81 150 82 154
143 94 146 96
8 63 9 68
62 157 67 158
175 146 177 149
196 53 199 55
191 164 193 166
95 1 97 3
184 76 186 79
120 9 121 12
65 68 75 68
13 21 14 26
124 74 129 75
61 180 62 185
6 219 9 220
74 49 75 52
137 234 140 236
18 249 25 249
42 12 50 12
65 71 66 76
83 34 86 35
175 158 179 159
180 146 181 150
59 71 61 74
95 176 96 181
73 122 75 125
48 109 51 111
12 115 14 118
82 156 83 159
174 144 178 145
125 146 134 146
65 147 67 150
33 65 36 67
164 25 165 30
97 227 99 230
58 89 61 91
24 68 25 73
68 207 70 210
166 171 168 173
172 108 176 109
167 90 171 91
41 214 45 215
29 59 31 62
93 130 94 135
146 22 153 22
53 74 54 78
194 192 197 193
131 201 131 210
45 20 47 23
176 174 177 178
42 171 50 171
101 240 102 243
176 0 177 5
147 135 155 135
183 96 186 98
23 136 25 139
118 74 120 76
190 227 192 230
42 25 45 26
22 92 26 93
190 104 192 107
75 242 77 244
140 34 144 35
44 28 49 29
96 107 96 115
117 109 118 113
86 223 96 223
70 220 71 223
48 100 49 104
108 109 109 112
72 109 77 110
88 83 89 87
164 124 165 128
20 140 20 148
35 171 38 173
86 189 88 192
105 17 107 19
82 3 85 5
160 221 161 226
187 98 188 103
31 2 34 3
2 215 7 216
31 68 32 71
7 4 8 9
147 12 149 15
110 146 113 148
4 241 7 242
57 220 60 221
17 22 20 24
161 177 163 179
90 171 92 174
83 227 86 228
14 243 15 248
26 183 31 184
149 98 150 102
38 234 40 236
103 7 104 11
196 3 198 5
78 208 79 212
22 74 25 76
1 161 5 162
0 73 1 76
35 22 36 25
35 72 38 74
24 111 27 113
115 27 123 27
3 48 4 53
169 34 170 39
53 32 56 33
96 201 97 206
26 235 35 235
78 177 82 178
113 23 115 25
87 186 89 188
84 12 84 19
103 179 104 184
102 41 104 43
185 138 186 141
41 235 42 240
118 244 119 249
162 214 163 218
122 161 127 162
118 1 118 8
183 28 186 29
0 173 1 178
180 234 184 235
69 179 69 189
163 1 168 2
70 112 71 115
143 0 144 3
15 42 16 46
0 121 2 124
101 52 101 59
89 234 97 234
91 68 101 68
147 32 148 35
20 205 28 205
161 238 163 240
45 71 50 72
78 220 86 220
115 90 119 91
191 133 194 134
142 9 146 10
77 221 82 222
171 241 174 243
3 167 5 170
122 43 126 44
173 217 176 219
129 216 132 218
149 152 150 155
89 132 91 134
128 164 133 165
21 14 22 17
84 132 87 134
70 34 71 39
70 179 72 182
84 26 85 31
150 127 151 130
154 198 156 200
112 4 115 5
4 121 6 123
0 25 1 30
113 170 114 175
73 164 76 166
182 63 185 65
66 44 68 47
77 139 79 142
117 72 121 73
164 19 169 20
114 217 117 218
43 62 46 63
24 247 27 248
190 139 192 142
76 3 77 7
3 132 4 137
134 82 139 83
27 80 27 91
182 11 182 20
160 84 161 88
53 163 58 164
113 123 114 126
56 0 58 2
151 125 156 126
60 23 61 27
10 112 13 114
68 227 71 228
52 79 52 88
164 87 165 90
88 30 89 35
131 183 134 185
162 211 166 212
148 136 150 138
41 55 41 63
24 242 25 246
108 95 117 95
43 174 46 176
171 175 174 177
28 18 29 23
76 201 77 204
2 16 2 23
94 38 96 40
89 239 93 240
148 179 149 183
143 198 145 201
180 111 188 111
180 91 181 96
158 13 159 18
154 114 155 117
67 217 71 218
68 143 78 143
39 26 40 30
177 228 179 230
142 176 143 181
143 161 147 162
70 74 71 79
109 245 113 246
184 82 186 85
97 25 98 28
11 202 13 204
12 41 13 44
10 172 18 172
69 212 77 212
14 229 16 232
32 240 34 242
52 175 54 178
62 232 63 237
176 9 179 11
49 124 52 125
100 35 101 40
35 207 39 208
169 96 171 99
57 185 58 189
166 95 168 98
68 234 69 238
75 181 77 183
1 158 3 160
138 197 141 199
132 244 136 245
113 129 115 131
192 25 196 26
153 136 156 138
161 105 165 106
193 174 194 177
199 57 199 66
133 105 138 106
198 172 199 177
45 110 47 112
77 53 78 57
68 155 70 158
150 133 155 134
94 216 97 218
179 44 182 46
33 28 37 29
180 58 183 60
40 6 42 9
149 121 150 124
94 65 96 67
153 97 155 99
22 228 24 230
125 98 132 98
166 220 170 221
128 241 131 243
118 200 119 205
166 40 175 40
12 19 19 19
147 197 149 200
104 47 106 49
136 200 137 203
91 111 92 116
67 18 71 19
80 137 81 142
3 27 5 30
119 165 124 166
96 87 99 89
38 43 40 46
140 22 141 26
163 159 166 161
84 233 88 234
83 160 85 162
45 224 46 229
34 11 36 14
165 75 168 76
1 58 2 61
11 12 12 17
167 204 172 205
114 9 115 13
3 124 6 125
37 49 40 51
179 206 186 206
162 208 166 209
158 229 163 230
35 131 36 135
106 77 108 80
128 86 129 90
130 24 132 27
98 95 101 96
113 155 115 158
51 148 54 150
169 132 170 136
192 150 193 154
21 116 22 120
114 80 118 81
162 71 167 72
198 7 199 11
127 15 129 17
123 114 125 117
196 70 199 72
75 170 76 174
30 33 32 36
124 40 128 41
90 128 92 131
55 77 56 81
123 235 125 237
30 94 31 98
18 30 20 33
142 18 145 20
187 60 188 64
3 198 6 200
171 5 172 9
114 195 115 198
173 208 175 211
177 91 178 94
94 46 95 49
71 11 73 13
87 153 91 154
193 143 194 148
98 83 99 86
157 96 162 97
26 225 28 227
63 114 68 115
38 107 40 109
118 153 122 154
179 237 181 240
123 84 126 86
73 230 76 232
13 149 15 152
26 218 27 223
27 179 29 181
73 208 75 210
118 38 122 39
1 211 2 214
126 107 126 115
154 83 162 83
150 236 153 238
157 190 158 193
162 53 163 58
14 197 19 198
69 167 70 171
110 149 112 152
176 44 178 47
84 238 86 240
16 9 23 9
121 46 124 47
20 88 22 90
189 206 193 207
35 202 36 206
9 3 11 5
74 74 77 76
143 223 144 228
107 42 111 43
196 102 198 104
87 163 92 164
7 181 10 183
197 73 198 77
147 108 148 112
9 89 11 91
162 15 163 19
3 139 5 142
170 191 171 196
17 84 19 86
85 229 86 232
68 22 71 24
100 136 104 137
84 246 86 249
59 154 60 158
154 234 162 234
45 148 46 152
6 23 7 28
7 148 8 151
36 31 39 32
128 43 130 46
138 89 143 90
84 130 89 131
155 92 164 92
40 142 48 142
93 143 93 152
50 137 51 142
199 138 199 148
86 62 89 64
11 154 16 155
195 141 198 143
180 136 183 138
181 196 184 198
93 20 97 21
50 115 59 115
153 35 154 38
34 38 39 39
5 13 10 14
130 225 133 227
117 239 122 240
46 166 47 170
189 69 190 72
9 27 19 27
121 87 123 89
111 67 112 70
125 138 128 140
112 220 117 221
107 237 116 237
79 95 81 98
127 20 129 23
48 37 49 40
73 104 78 105
81 188 84 190
98 90 99 93
139 224 142 225
4 66 6 69
35 60 39 61
134 138 135 141
188 145 189 150
104 51 109 52
109 162 110 167
14 73 15 78
66 211 67 215
86 20 91 21
121 56 124 58
110 16 111 21
61 97 63 100
58 95 59 99
102 145 103 149
81 124 81 133
74 202 75 206
194 156 195 159
114 245 115 248
11 1 18 1
112 29 116 30
12 190 13 193
125 195 127 197
12 224 16 225
140 30 142 32
45 48 46 52
154 150 155 155
79 8 81 10
62 6 65 8
145 174 147 177
53 190 56 192
183 109 188 110
133 132 133 141
151 80 153 82
82 75 83 79
106 64 107 68
124 212 126 215
88 115 89 120
91 248 94 249
177 151 182 152
76 214 78 217
97 59 99 62
91 187 92 191
35 119 38 121
162 101 167 102
13 61 14 64
16 219 18 221
177 131 182 132
99 174 104 175
69 57 70 61
185 120 186 123
150 232 152 234
105 105 106 109
22 211 29 211
125 79 128 80
35 55 36 58
168 79 170 81
60 124 61 129
191 193 192 198
76 63 81 64
37 81 37 89
111 127 112 132
146 168 153 168
99 123 100 127
151 185 154 186
134 114 134 122
19 62 23 63
54 179 56 181
15 12 20 13
99 100 102 101
159 176 160 181
177 75 178 79
185 20 187 22
72 80 74 83
194 95 195 98
117 127 118 132
96 46 98 49
32 101 35 102
12 185 14 188
53 127 54 132
8 247 13 248
153 64 154 67
170 235 173 237
89 165 91 168
42 92 44 94
173 76 175 78
21 86 26 87
171 138 173 141
116 161 118 163
60 143 65 144
13 34 17 35
139 91 141 93
75 176 77 179
185 100 186 103
136 20 139 22
121 230 124 231
144 241 145 245
155 208 160 209
116 198 120 199
194 31 198 32
90 161 99 161
154 57 159 58
193 121 196 122
24 213 26 215
141 206 145 207
178 37 180 40
37 169 41 170
122 193 122 202
163 243 165 245
73 111 74 115
156 7 157 10
146 28 149 30
108 214 109 219
138 70 139 73
109 41 116 41
76 132 79 133
185 230 186 233
23 234 24 238
104 99 109 100
107 116 111 117
19 0 21 3
198 109 199 114
158 215 159 220
118 14 121 16
71 49 72 53
22 53 23 58
83 217 86 219
2 0 3 3
46 13 48 16
119 206 124 207
100 85 103 86
6 204 9 205
31 55 33 58
173 111 176 113
135 77 138 79
158 26 160 28
11 20 12 24
137 65 141 66
14 99 15 104
84 149 84 157
166 137 166 145
43 51 43 59
165 13 166 18
124 158 127 160
109 5 111 8
194 237 197 239
192 169 196 170
110 56 112 59
135 135 140 136
130 87 132 89
5 43 9 44
43 97 43 107
114 36 115 39
168 123 170 126
166 176 169 177
155 75 158 76
141 105 143 107
15 140 16 143
132 71 134 73
173 115 176 117
70 5 75 6
123 167 126 168
195 173 197 175
47 163 51 164
36 114 37 118
166 181 167 185
14 82 19 83
94 191 99 192
69 192 73 193
77 205 79 207
134 216 143 216
22 44 23 48
151 196 154 197
29 46 30 49
187 139 189 142
1 203 5 204
194 127 196 129
141 188 142 191
56 125 58 128
52 110 57 111
165 169 168 170
0 2 1 7
20 207 21 212
110 222 115 223
62 167 64 169
190 52 191 56
11 0 18 0
39 161 48 161
15 189 20 190
175 188 176 192
175 104 177 107
93 87 95 90
93 12 98 13
176 210 179 212
28 149 32 150
58 63 59 67
136 144 137 149
90 79 91 82
142 71 143 75
72 88 74 91
64 33 65 37
57 232 58 236
89 106 89 113
59 40 64 41
63 83 65 85
123 5 127 6
10 210 12 213
37 47 42 48
128 158 129 163
28 156 31 158
104 1 111 1
117 136 118 141
83 96 84 100
0 61 0 69
114 60 118 61
175 60 179 61
99 31 103 32
53 217 55 220
28 103 32 104
31 119 32 123
57 191 59 193
73 55 76 57
6 100 7 105
128 2 130 4
180 64 181 69
61 220 62 223
9 109 14 110
26 74 26 82
105 156 107 158
163 188 167 189
128 110 129 115
100 47 100 56
92 159 95 160
112 193 113 198
191 28 192 32
173 57 174 60
190 156 193 158
181 23 183 25
153 1 155 3
126 26 127 31
185 160 187 163
161 162 165 163
171 62 180 62
89 126 92 127
139 13 142 14
49 62 52 64
124 105 128 106
33 18 35 20
20 242 22 244
62 68 64 70
18 200 22 201
79 55 81 58
180 187 185 188
9 157 9 166
87 241 92 242
7 38 10 39
60 49 67 49
192 187 195 189
85 80 88 82
18 105 20 108
67 42 72 43
21 216 23 219
145 0 146 5
8 215 19 215
54 237 54 245
110 72 113 73
14 182 17 184
66 104 68 106
86 236 89 237
68 11 70 13
1 243 2 246
150 218 152 221
132 47 135 48
3 16 4 19
188 235 189 240
111 91 114 93
132 194 137 195
70 125 72 128
49 50 51 52
92 119 93 124
144 113 145 118
52 205 59 205
187 0 195 0
139 175 140 180
123 233 127 234
104 238 107 240
75 90 76 94
85 165 88 166
76 147 79 149
43 135 44 139
146 201 154 201
41 68 42 71
78 84 79 89
144 165 146 167
175 29 178 31
71 27 73 29
182 42 187 43
86 91 86 99
110 121 111 125
107 96 109 98
60 142 70 142
162 79 163 82
83 167 87 168
56 57 57 60
187 93 190 95
23 125 27 126
187 210 188 213
156 202 157 206
188 129 189 133
44 244 45 247
112 178 113 182
48 89 49 93
59 0 68 0
95 75 97 78
114 96 115 100
190 85 195 86
8 221 10 224
31 132 32 135
137 64 144 64
164 118 174 118
3 227 6 229
47 49 48 52
141 205 149 205
17 240 18 245
21 195 22 199
101 168 102 172
0 229 0 238
101 106 102 110
98 20 102 21
67 65 69 67
110 108 118 108
101 154 104 155
30 40 31 43
51 32 52 37
83 143 86 145
119 4 121 6
69 176 72 177
135 125 138 127
140 37 142 39
133 36 133 45
14 40 17 41
74 150 75 154
111 37 113 39
44 222 48 223
185 53 189 54
176 65 177 68
65 233 67 236
38 210 38 220
103 53 108 54
138 163 140 165
101 116 102 119
117 32 117 41
22 192 24 194
133 0 137 1
5 16 6 19
188 17 189 21
61 171 63 174
27 59 28 63
37 158 41 159
147 59 149 62
102 220 103 224
197 136 198 140
65 205 65 215
163 206 167 207
70 40 77 40
62 22 66 23
194 226 195 230
3 180 4 183
155 246 158 248
36 244 39 246
109 126 110 131
185 196 186 200
17 154 20 156
137 94 139 96
66 63 70 64
38 0 39 5
168 227 178 227
136 9 137 13
187 81 187 89
51 47 54 48
134 49 136 52
133 95 135 97
19 245 23 246
94 58 96 60
145 86 150 87
128 9 132 10
103 36 104 40
105 241 106 246
138 232 143 233
78 188 80 191
48 55 48 63
67 222 69 225
1 151 3 153
197 215 198 218
87 74 90 76
186 147 187 151
39 87 42 88
86 197 88 199
24 1 29 2
13 5 14 9
123 239 128 240
60 214 62 216
15 191 17 194
25 56 27 58
109 208 110 212
168 55 173 56
193 232 196 234
77 164 80 165
78 47 79 51
137 45 140 46
57 8 58 12
45 144 47 147
109 63 110 68
156 226 157 231
63 126 64 129
49 244 50 248
92 33 93 37
120 127 124 128
154 16 156 18
59 188 66 188
95 98 98 100
157 120 158 124
177 112 179 114
129 13 133 14
11 71 13 74
16 2 18 4
121 0 126 1
117 83 126 83
139 104 140 108
77 33 80 35
20 213 23 215
106 5 108 7
59 231 60 236
51 229 56 230
150 39 152 41
130 144 134 145
136 223 138 225
192 52 194 54
181 223 183 225
0 143 3 144
3 40 8 41
133 212 133 220
15 111 16 114
57 248 62 249
68 241 75 241
184 150 185 155
40 81 42 83
187 32 190 34
27 7 29 9
126 55 129 56
110 97 111 101
166 28 166 36
95 61 96 64
134 178 137 179
119 168 122 170
144 215 146 217
56 17 59 18
140 115 142 118
178 135 179 139
89 50 94 51
168 3 173 4
147 18 149 21
97 220 99 223
54 160 58 161
68 84 69 89
41 98 42 102
20 167 22 170
193 105 195 107
27 241 31 242
24 216 28 217
93 116 98 117
13 97 16 98
57 149 57 157
10 85 11 88
119 68 121 71
0 18 1 22
54 196 58 197
109 194 111 196
24 114 27 116
56 42 57 46
181 133 184 135
132 67 135 68
17 216 20 217
90 227 91 231
144 123 147 125
184 54 184 61
6 163 7 167
89 3 90 8
106 168 109 170
32 23 34 25
48 221 56 221
23 153 26 155
0 239 0 248
41 248 45 249
8 235 9 239
18 45 19 48
80 27 81 30
102 12 107 13
169 140 170 145
61 34 63 36
34 212 35 217
61 101 61 109
18 236 21 238
91 7 95 8
157 33 158 36
162 219 165 221
91 209 96 210
61 61 64 62
139 147 141 149
41 145 43 148
170 102 174 103
162 36 164 39
159 41 161 44
128 151 133 152
199 228 199 236
41 196 46 197
129 40 131 42
5 177 8 179
6 245 11 246
104 225 107 226
11 130 16 131
170 197 173 198
25 132 27 134
63 59 66 60
153 102 154 106
91 202 95 203
110 33 113 35
29 185 32 187
183 185 188 186
169 185 169 193
155 100 157 102
120 191 121 196
57 214 58 218
62 111 65 113
46 182 48 184
75 195 76 199
57 72 58 76
148 113 152 114
192 202 194 205
9 105 14 106
132 235 136 236
161 120 163 122
64 225 65 228
34 227 38 228
52 8 54 11
132 130 135 131
147 63 149 65
190 81 192 83
191 8 194 9
77 223 79 225
185 144 187 146
35 141 37 144
151 242 153 244
8 168 17 168
83 47 87 48
24 40 29 41
2 219 3 222
18 124 19 128
181 54 183 56
80 22 82 24
81 215 85 216
22 23 23 28
61 86 64 87
18 186 20 188
169 147 170 150
27 175 31 176
134 217 134 224
134 99 138 100
39 213 47 213
187 245 188 248
190 131 194 132
82 135 83 138
15 201 16 206
15 28 16 31
34 81 36 83
168 113 172 114
69 204 72 206
53 183 54 188
94 119 95 124
166 224 167 228
126 206 128 208
178 232 179 235
119 95 120 98
96 6 100 7
138 7 142 8
136 154 138 157
103 231 105 234
194 243 195 248
184 44 188 45
54 133 57 135
114 183 115 187
147 0 149 2
179 162 181 165
0 126 0 135
129 104 131 107
164 153 168 154
127 213 128 217
105 56 107 59
148 169 149 174
35 91 35 99
79 127 80 130
135 158 140 159
26 43 29 45
98 185 100 187
19 115 20 120
37 54 40 55
189 96 193 97
91 136 94 138
65 25 68 27
137 28 138 33
82 225 82 234
77 78 81 79
8 93 10 96
21 222 23 224
100 247 103 249
162 45 170 45
10 61 11 66
104 146 107 147
87 14 90 16
39 65 39 72
177 122 182 123
32 197 37 198
9 206 12 208
99 189 104 190
139 189 140 193
11 144 16 145
140 72 141 77
5 107 8 109
112 204 114 206
38 186 39 190
35 34 38 36
189 202 190 205
96 243 99 245
178 108 182 109
193 76 194 79
198 155 199 158
92 153 95 155
52 14 54 16
46 124 48 127
51 182 52 186
85 101 86 105
45 93 46 97
44 5 45 10
12 84 13 88
122 68 123 71
101 161 104 163
104 202 109 203
81 101 84 103
88 71 90 73
28 15 33 16
50 24 51 28
91 148 92 151
156 107 160 108
137 182 141 183
72 66 77 67
173 205 178 206
156 39 160 40
184 18 187 19
129 189 132 191
71 82 71 90
139 200 142 202
89 195 90 198
153 161 156 162
27 93 29 95
188 13 192 14
142 145 143 149
120 243 122 246
137 67 137 74
196 95 197 100
57 6 61 7
71 129 73 132
34 68 37 69
37 13 37 22
29 139 31 142
164 132 167 134
43 166 45 168
71 165 72 169
66 30 67 34
48 226 50 229
81 122 84 123
1 202 9 202
119 52 121 55
121 98 124 100
148 45 149 50
130 55 134 56
183 207 188 208
111 226 116 227
156 150 157 153
63 136 67 137
101 127 103 130
38 8 39 13
179 47 182 48
122 12 125 13
58 107 60 109
156 170 157 173
17 121 22 122
24 188 26 191
35 106 36 109
65 219 68 220
83 177 86 179
82 125 82 132
13 128 17 129
85 16 85 23
120 111 121 114
143 238 146 239
47 238 50 239
180 202 184 203
107 113 112 114
0 34 1 38
184 216 184 223
78 109 79 113
155 84 159 85
10 142 13 143
190 249 198 249
136 226 140 227
11 76 12 81
105 162 107 165
46 82 51 83
108 64 108 73
136 25 139 26
11 194 13 197
179 104 188 104
21 155 22 159
19 51 21 54
24 15 27 16
14 173 16 175
156 2 159 3
127 119 130 121
193 6 197 7
39 124 40 128
143 29 144 33
152 6 154 9
123 16 124 19
106 83 111 84
144 189 147 191
113 15 114 19
174 127 176 130
144 134 146 136
16 160 25 160
172 129 173 133
0 188 1 193
6 29 7 34
20 4 22 6
158 4 167 4
66 247 69 248
86 202 87 206
150 46 152 48
159 157 162 159
168 211 171 213
133 246 143 246
191 4 192 7
62 199 63 202
117 213 120 215
98 111 100 113
45 35 46 39
165 237 167 240
141 235 144 236
149 214 150 217
133 147 134 150
24 119 25 124
86 68 88 70
31 231 36 232
134 197 137 199
68 194 73 195
123 35 126 37
198 117 199 120
104 75 105 78
17 55 20 57
54 82 57 83
193 18 196 19
5 193 6 197
195 71 195 79
40 187 42 190
155 20 156 23
163 180 164 183
8 22 9 26
144 72 145 75
76 134 79 136
90 106 91 110
46 8 50 9
176 220 177 225
119 146 122 148
146 157 147 160
158 100 166 100
185 105 187 107
154 193 156 195
161 51 166 52
70 95 71 98
9 151 12 153
70 106 79 106
18 35 27 35
101 187 104 188
129 134 131 137
163 143 165 146
91 118 91 125
40 85 44 86
92 60 93 64
196 222 197 226
79 80 84 81
17 14 18 18
141 94 141 102
111 119 118 119
23 59 25 61
146 152 148 155
25 199 27 202
3 111 8 112
158 205 161 206
45 114 47 116
153 13 153 21
57 165 58 169
144 141 146 143
113 242 115 244
178 55 179 59
17 130 19 132
47 32 49 34
35 178 37 180
155 30 156 35
116 63 119 65
139 194 141 196
163 156 166 157
38 130 39 135
33 223 36 225
91 40 93 43
152 182 157 183
117 51 118 55
0 83 4 84
13 199 16 200
92 85 96 86
91 244 93 246
2 5 3 10
140 59 144 60
173 13 178 14
63 155 67 156
196 68 199 69
59 37 63 38
1 85 3 88
2 94 3 97
11 101 13 104
112 0 114 3
105 207 108 209
55 104 58 105
132 170 135 172
177 214 181 215
16 100 17 104
164 195 167 197
31 125 34 126
49 152 52 153
35 240 36 243
33 149 34 153
66 190 70 191
50 88 51 92
158 89 161 91
189 193 190 197
178 220 181 221
10 48 15 49
149 23 153 24
4 184 7 185
22 79 24 81
0 90 3 92
92 69 101 69
20 71 21 76
91 70 91 77
111 160 114 162
74 129 75 134
173 20 173 31
160 73 163 74
199 17 199 25
50 103 51 107
165 108 168 109
54 55 57 56
63 239 64 242
18 43 25 43
173 64 174 67
97 168 99 171
147 143 148 146
102 123 104 125
48 144 51 145
29 188 31 190
162 167 170 167
56 206 56 215
74 126 77 128
124 143 126 145
80 82 84 83
0 147 0 154
92 94 97 95
50 3 55 4
92 176 94 178
175 41 177 43
143 16 147 17
112 213 115 215
88 44 89 47
148 125 149 130
69 25 73 26
161 31 162 35
162 68 164 70
196 41 197 46
55 237 56 242
78 167 80 170
131 112 136 113
72 217 73 221
132 101 136 102
79 202 84 203
117 207 118 211
63 164 65 166
181 35 185 36
184 91 189 92
134 238 139 239
176 19 179 20
164 103 168 104
68 107 70 109
184 46 189 47
119 134 120 138
42 15 43 20
63 73 63 80
26 209 31 210
189 219 192 220
120 64 123 66
52 95 57 96
108 159 110 161
31 83 33 85
108 174 112 175
105 35 105 45
57 86 60 88
127 11 131 12
178 23 180 25
148 80 150 83
73 162 76 163
30 37 33 38
79 122 80 126
140 208 142 211
160 14 161 19
55 8 56 11
146 36 150 37
88 66 92 67
123 135 124 138
75 221 76 225
24 196 29 197
158 138 158 147
93 110 95 113
45 117 47 119
116 25 119 26
132 123 135 124
50 21 52 23
43 159 47 160
109 176 110 181
133 75 138 76
99 234 101 237
137 36 139 39
95 41 98 43
41 241 43 244
118 155 120 157
87 104 88 108
188 222 189 225
80 213 85 214
66 151 73 151
58 119 62 120
41 64 43 66
2 194 4 197
176 84 179 86
187 191 191 192
136 55 141 56
167 60 170 62
22 209 25 210
162 203 169 203
77 86 77 94
26 105 27 110
162 84 163 89
124 38 129 39
75 175 82 175
182 141 184 143
21 10 23 12
161 53 161 63
159 128 163 129
47 120 48 123
117 118 124 118
145 47 145 57
140 67 144 68
89 219 91 221
118 189 119 194
146 169 147 173
148 116 151 118
172 155 174 157
123 199 126 201
11 229 12 233
24 164 26 166
41 128 43 130
113 164 114 169
111 141 114 143
193 38 194 43
56 47 59 49
182 93 185 95
7 63 7 70
31 114 35 115
176 141 178 143
98 207 101 208
174 131 175 135
59 83 62 85
44 225 44 233
17 141 19 143
154 108 155 111
188 169 191 171
197 49 199 51
126 94 128 97
198 179 199 182
192 35 195 36
92 168 95 170
112 75 113 79
177 34 180 36
49 68 52 70
122 228 126 229
94 139 98 140
38 63 38 71
131 228 134 229
87 172 89 174
190 159 191 163
146 182 147 185
36 99 38 101
74 96 76 98
147 202 151 203
140 203 144 204
193 184 196 185
112 176 115 177
83 89 92 89
163 241 166 242
32 92 32 100
6 170 7 174
38 146 40 148
98 155 100 157
0 106 1 110
122 30 123 33
10 30 14 31
158 113 163 114
74 23 76 26
31 7 36 8
53 87 54 92
20 173 22 176
80 109 81 112
182 83 183 86
126 126 127 131
28 28 32 29
191 145 192 149
106 195 108 197
173 6 175 9
95 10 102 10
81 71 83 73
168 28 170 30
158 235 161 236
29 100 31 102
190 19 192 22
118 237 122 238
41 29 42 32
14 211 17 213
135 86 137 89
125 57 130 58
156 177 157 181
31 223 32 226
111 186 113 188
151 213 152 217
125 87 127 89
154 68 157 69
89 180 90 185
110 247 112 249
58 58 60 60
96 135 105 135
151 61 152 65
171 167 172 172
68 229 72 230
189 61 193 62
10 198 12 201
151 147 156 148
54 226 58 227
86 3 86 14
171 13 172 17
49 113 53 114
3 230 6 232
116 246 117 249
87 194 94 194
58 68 61 70
192 171 196 172
140 249 149 249
179 173 182 174
154 242 155 245
147 98 148 102
110 12 113 14
4 97 5 101
30 116 33 118
199 129 199 137
28 75 30 77
173 167 176 169
99 77 100 81
31 160 40 160
191 199 194 201
59 10 60 14
70 184 73 185
143 37 144 42
39 116 40 121
83 221 87 222
15 5 17 8
134 23 137 24
40 153 44 154
34 156 36 159
65 77 67 80
27 164 28 167
65 186 68 187
12 38 17 39
174 221 175 224
71 61 75 62
75 9 78 10
32 139 34 142
188 227 189 232
177 192 181 193
18 247 22 248
196 28 198 30
103 101 105 103
45 65 47 68
81 18 82 21
188 28 190 31
176 48 177 51
174 80 179 81
9 119 12 121
87 224 89 227
163 110 171 110
32 180 34 183
132 16 133 19
92 237 96 238
177 95 179 97
176 33 176 40
155 93 159 94
65 240 74 240
103 166 104 171
121 121 124 123
124 221 126 223
188 10 192 11
155 213 163 213
73 170 74 174
68 131 70 133
71 140 74 142
160 1 162 3
92 79 93 84
144 137 147 138
185 131 187 133
67 72 70 73
0 78 1 82
15 70 18 71
25 172 27 174
41 115 42 119
78 179 80 181
83 39 85 41
26 65 28 67
5 85 8 87
65 101 67 103
14 234 17 235
74 102 78 103
32 221 37 222
41 137 42 140
154 156 157 157
197 0 199 2
169 92 172 93
131 60 135 61
104 31 105 34
17 136 18 140
73 236 74 239
158 178 158 185
114 149 116 151
82 50 84 52
136 186 137 191
99 98 103 99
6 73 9 74
119 222 121 224
160 182 162 184
182 113 183 116
74 144 75 147
38 177 40 179
119 59 123 60
127 219 130 221
128 179 129 184
136 150 138 153
36 247 38 249
9 7 10 12
166 243 167 247
82 163 84 165
80 204 83 205
116 142 119 143
164 53 168 54
95 101 97 104
161 116 162 119
110 238 112 241
137 171 140 172
101 156 104 157
99 73 101 75
2 129 7 130
152 86 154 88
82 53 83 57
167 15 169 18
1 205 5 206
7 45 10 47
120 102 121 106
137 115 139 118
150 247 153 249
67 3 69 5
153 52 156 53
28 34 29 39
106 90 107 95
28 239 31 240
182 0 183 5
162 40 164 43
114 179 115 182
67 177 68 181
137 130 138 133
95 246 97 248
82 7 85 9
192 162 197 163
169 229 172 230
81 186 86 187
79 99 80 104
23 88 25 91
135 184 139 185
80 42 89 42
87 29 87 38
112 42 117 43
153 26 154 30
145 31 145 38
81 166 82 170
27 233 32 234
85 54 88 56
25 185 28 186
45 45 49 46
88 99 90 101
0 159 0 167
41 122 45 123
143 76 145 78
61 137 62 141
106 40 114 40
61 52 65 53
33 190 37 191
122 172 126 173
87 19 95 19
38 81 39 85
156 168 159 169
187 119 190 121
6 132 14 132
178 147 179 150
106 230 111 231
60 149 61 152
156 81 160 82
15 22 16 26
142 192 147 193
162 227 165 228
58 77 59 82
122 174 123 177
129 237 131 240
92 105 93 108
159 138 160 142
21 33 25 34
161 8 164 10
24 26 26 29
94 143 95 148
147 223 149 225
152 54 153 57
41 182 43 185
57 36 58 41
106 33 108 35
147 218 149 221
135 217 135 224
53 214 55 216
151 75 154 76
87 94 90 96
191 124 195 125
52 202 54 204
15 195 18 196
187 222 187 233
58 132 61 133
100 26 101 30
54 64 57 65
158 170 159 175
9 80 10 84
52 28 57 29
123 150 131 150
133 180 136 181
195 52 195 59
86 135 90 136
186 179 188 181
161 130 163 132
108 47 110 49
91 32 91 39
63 247 65 249
169 41 173 42
22 208 30 208
174 179 176 181
79 238 80 243
178 194 180 197
76 119 81 120
177 207 180 208
0 225 9 225
63 218 64 223
149 175 152 177
13 92 14 96
157 210 161 211
102 193 105 195
63 192 64 195
147 10 151 11
126 185 127 188
109 102 116 102
46 105 48 108
120 247 122 249
149 189 152 190
130 193 131 197
60 196 63 198
182 227 184 230
142 124 143 128
100 220 100 231
24 173 24 183
116 88 120 89
190 241 194 242
6 212 9 214
10 53 11 56
136 140 137 143
7 121 8 125
182 26 186 27
2 76 4 79
131 142 134 143
88 150 90 152
16 89 19 91
167 208 167 217
4 92 5 95
179 12 181 14
164 75 164 82
188 152 191 153
100 2 104 3
38 143 41 144
178 105 180 107
184 32 186 34
99 35 99 43
104 50 112 50
93 14 96 16
188 79 189 82
16 123 17 127
61 226 62 231
49 56 50 60
11 220 13 222
131 175 132 178
171 239 176 240
153 0 163 0
38 194 39 199
169 208 172 210
33 95 34 100
94 105 95 109
83 104 84 107
192 176 192 186
16 152 19 153
182 183 186 184
123 152 125 154
182 74 186 75
135 69 136 73
120 150 122 152
12 89 12 97
90 25 93 26
53 56 53 65
91 94 91 101
73 157 76 159
18 109 21 110
100 213 103 214
56 168 56 176
136 221 139 222
85 210 88 211
13 12 14 17
156 112 156 123
127 34 135 34
139 228 140 231
61 50 66 51
2 249 12 249
168 23 170 26
7 138 8 142
26 72 29 73
124 192 127 194
188 172 189 176
87 92 96 92
144 84 147 85
190 211 191 216
195 38 195 46
174 84 175 88
169 171 170 174
164 111 167 112
46 214 50 215
170 224 173 225
67 69 75 69
33 62 37 63
141 52 143 54
198 97 199 101
21 21 21 30
86 109 88 111
61 11 63 13
143 43 145 46
63 130 65 133
171 188 174 189
199 211 199 220
170 200 175 201
82 244 83 247
73 34 76 35
156 44 158 46
72 84 75 86
180 113 181 117
5 113 9 114
53 231 55 234
10 18 10 25
56 123 59 124
54 68 57 69
154 149 163 149
117 28 120 30
194 27 195 30
127 83 132 84
0 39 1 44
115 44 116 47
45 200 49 201
148 67 152 68
161 27 162 30
29 30 33 31
3 234 4 238
47 162 58 162
42 172 47 173
115 164 125 164
196 115 199 116
151 131 154 132
45 90 47 92
117 124 120 125
139 244 143 245
36 181 37 184
185 15 187 17
93 163 98 164
29 50 31 52
106 22 108 24
105 60 105 70
180 210 182 212
100 60 101 64
34 116 34 124
79 13 82 15
6 155 7 160
150 227 152 229
77 230 78 233
147 237 149 239
146 240 147 244
36 110 38 113
11 32 12 36
104 173 111 173
196 21 198 23
20 40 22 42
80 84 83 86
38 91 41 93
138 10 141 11
157 243 160 245
76 59 85 59
82 26 82 36
157 12 157 21
107 31 110 32
128 64 129 67
182 159 182 167
165 82 169 83
35 209 37 211
60 217 62 219
23 198 24 201
47 190 47 197
131 161 134 163
195 203 198 204
16 239 23 239
174 53 177 54
173 68 174 71
150 204 152 207
46 17 50 18
53 12 56 13
106 69 107 74
175 171 179 172
128 124 130 127
20 123 21 126
128 132 131 133
11 57 16 58
124 169 126 171
106 9 111 10
31 146 34 147
173 46 175 48
150 1 152 3
161 107 164 109
94 56 97 57
19 7 24 8
190 63 192 66
149 161 152 162
198 192 199 197
92 229 95 231
163 204 166 205
127 147 132 148
128 101 131 102
35 122 36 126
29 191 30 194
1 55 3 57
185 55 188 57
59 168 60 173
161 135 162 139
49 165 53 166
168 0 175 0
66 81 69 83
81 181 86 182
131 2 135 3
110 86 111 90
190 87 191 90
178 204 185 204
170 67 171 70
138 0 139 3
41 205 45 206
37 204 39 206
9 134 12 135
56 3 60 4
101 47 103 49
19 171 23 172
3 43 4 47
8 242 10 244
151 120 152 124
15 156 16 159
180 153 183 155
4 150 6 152
57 209 59 211
49 116 56 116
122 188 123 192
158 231 160 233
73 176 74 181
48 73 50 75
190 222 191 225
10 41 11 44
150 74 158 74
73 196 73 203
183 10 186 11
38 239 39 243
77 95 78 99
182 237 183 240
177 127 179 130
4 186 7 188
179 144 182 145
131 211 132 215
157 198 158 201
41 49 42 54
194 165 196 168
187 115 195 115
99 238 102 239
111 26 114 27
0 9 1 12
51 194 56 195
133 8 134 11
127 166 132 167
1 154 3 157
90 211 93 213
58 206 61 208
151 187 155 188
1 131 10 131
38 41 41 42
83 229 83 237
110 109 112 111
125 68 129 69
148 42 150 44
4 1 4 11
168 159 169 162
17 204 18 208
29 65 31 67
125 52 133 52
115 117 122 117
47 94 48 98
117 9 119 12
22 203 26 204
58 24 59 29
2 70 3 75
156 163 160 164
170 244 171 249
15 169 17 171
172 89 175 91
170 82 173 83
56 222 59 223
193 16 197 17
60 17 61 21
9 227 14 228
187 122 192 123
136 217 137 220
125 99 128 100
116 169 118 171
37 23 39 25
185 134 189 135
53 211 55 213
198 124 199 127
12 2 15 3
192 48 194 51
52 144 54 147
56 203 59 204
22 69 23 73
11 214 18 214
4 61 8 62
185 164 188 166
108 55 109 60
70 247 72 249
79 18 80 21
163 31 164 35
7 227 7 235
171 216 172 220
29 11 33 12
21 180 22 185
116 23 120 24
122 53 124 55
107 139 110 140
33 136 40 136
36 185 37 188
147 3 149 5
185 245 186 248
82 66 87 67
122 72 126 73
5 56 9 57
151 153 152 157
29 3 30 6
184 173 185 178
16 106 17 110
48 41 52 42
121 213 123 215
4 219 5 222
171 34 172 39
164 47 165 50
191 40 191 49
15 62 15 69
50 30 50 39
184 48 188 49
55 185 56 189
166 146 168 149
172 244 175 245
34 15 36 17
45 55 47 58
53 153 54 158
138 248 146 248
91 14 92 18
178 87 179 90
108 232 112 233
175 153 176 157
63 145 64 149
58 43 60 46
195 206 198 208
193 109 195 111
44 106 45 109
46 100 47 103
39 210 43 211
139 124 139 131
29 53 30 58
163 61 164 64
173 228 176 230
24 152 32 152
95 186 97 189
184 125 184 132
39 17 41 20
99 131 101 133
2 173 2 181
88 121 89 125
176 63 179 64
146 232 149 233
134 151 134 158
31 45 33 47
100 4 107 4
79 22 79 31
101 225 103 228
155 221 155 230
36 161 36 170
16 222 19 223
138 240 139 243
26 135 28 137
129 28 133 29
66 10 67 14
92 56 93 59
15 186 17 188
43 236 47 237
189 98 190 102
26 97 26 104
176 246 180 247
22 133 24 135
153 139 155 142
126 9 126 16
175 226 183 226
13 32 17 33
121 232 122 235
45 153 46 158
114 190 116 192
9 176 11 178
16 162 17 166
156 132 160 133
98 18 102 19
194 66 198 67
150 170 151 174
123 107 125 110
144 58 152 58
54 171 55 174
62 88 65 89
133 20 133 27
71 213 75 214
0 207 0 215
121 197 121 204
152 32 154 34
65 245 69 246
27 143 28 147
199 38 199 45
41 108 43 110
59 189 68 189
97 148 98 152
140 212 142 215
41 95 44 96
97 14 100 16
127 201 129 203
98 32 98 40
85 125 87 128
132 207 135 209
146 147 147 151
10 67 10 74
47 154 52 155
36 212 37 215
144 89 149 90
136 204 139 206
189 245 190 248
178 66 179 70
43 234 48 235
45 177 50 178
68 242 73 243
60 186 64 187
132 196 133 199
194 150 199 151
153 203 155 206
162 65 164 67
15 20 18 21
85 151 85 159
196 35 199 37
118 40 123 41
102 198 102 207
176 132 176 140
88 93 97 93
10 162 11 167
31 247 33 249
29 79 32 81
146 91 149 93
21 225 23 227
125 81 129 82
44 217 45 221
70 3 74 4
142 97 143 102
82 191 85 192
72 21 73 24
115 124 116 128
37 56 40 58
126 76 129 78
130 90 131 94
146 113 147 117
28 127 30 130
183 14 183 22
42 73 43 76
41 245 43 247
127 153 128 157
28 109 31 110
93 22 95 24
112 96 113 101
28 220 31 221
64 116 73 116
97 50 98 54
123 202 126 203
108 224 111 225
195 8 197 10
120 84 122 86
57 142 58 147
196 92 199 94
102 176 104 178
172 162 174 164
2 25 5 26
93 0 94 4
72 77 75 79
60 95 64 96
134 37 134 46
6 1 6 8
82 142 82 149
41 202 44 204
32 129 39 129
1 120 8 120
172 119 175 120
180 166 181 170
6 49 7 53
78 90 80 92
191 69 193 71
132 37 132 44
101 195 101 206
117 56 120 58
140 119 149 119
99 138 101 140
137 101 140 103
12 175 12 183
136 166 139 167
80 159 81 162
146 207 149 209
138 84 140 87
66 206 67 209
19 191 20 195
48 112 58 112
48 20 49 24
67 144 69 146
188 143 192 144
22 111 23 115
180 158 181 161
19 220 24 221
13 119 14 124
0 199 0 206
151 143 155 144
115 103 116 107
168 240 170 242
167 64 168 67
107 105 107 112
106 85 109 86
53 34 56 36
26 119 28 121
40 65 40 73
58 244 60 247
118 17 122 18
63 182 68 183
104 88 105 91
117 126 125 126
105 217 107 220
188 198 190 201
88 142 92 143
101 111 102 115
84 201 91 201
182 100 184 102
14 60 22 60
1 145 5 146
90 83 91 88
174 15 181 15
161 141 165 142
60 9 68 9
69 119 72 120
1 227 2 230
154 54 156 56
102 44 104 46
174 182 181 182
146 246 154 246
8 28 8 35
104 208 104 216
11 45 14 47
119 130 121 132
49 181 50 184
24 53 26 55
159 248 168 248
44 179 46 181
17 229 18 233
196 227 197 231
112 120 115 122
21 140 22 144
175 194 176 197
141 150 142 154
103 153 112 153
77 144 79 146
48 167 50 170
18 36 19 40
24 44 25 47
108 36 110 39
94 79 97 81
187 118 195 118
188 154 188 163
115 203 117 206
26 243 28 245
74 121 83 121
137 173 138 177
67 118 67 127
66 92 69 93
149 32 150 35
121 134 128 134
103 243 104 246
95 125 95 134
50 45 53 46
16 246 17 249
110 200 117 200
159 190 166 190
34 30 34 37
33 91 34 94
92 207 96 208
